<?xml version="1.0" encoding="UTF-8"?>
<testng-results skipped="0" failed="0" ignored="0" total="1" passed="1">
  <reporter-output>
  </reporter-output>
  <suite name="Default suite" duration-ms="23360" started-at="2019-10-05T21:04:08Z" finished-at="2019-10-05T21:04:32Z">
    <groups>
    </groups>
    <test name="Default test" duration-ms="23360" started-at="2019-10-05T21:04:08Z" finished-at="2019-10-05T21:04:32Z">
      <class name="com.sk.pages.home.HomePage">
        <test-method status="PASS" signature="launchBrowser()[pri:0, instance:com.sk.pages.home.HomePage@458ad742]" name="launchBrowser" duration-ms="23316" started-at="2019-10-05T14:04:08Z" finished-at="2019-10-05T14:04:32Z">
          <reporter-output>
          </reporter-output>
        </test-method> <!-- launchBrowser -->
      </class> <!-- com.sk.pages.home.HomePage -->
    </test> <!-- Default test -->
  </suite> <!-- Default suite -->
</testng-results>
